0 info it worked if it ends with ok
1 verbose cli [ 'C:\\Program Files\\nodejs\\node.exe',
1 verbose cli   'C:\\Program Files\\nodejs\\node_modules\\npm\\bin\\npm-cli.js',
1 verbose cli   'run',
1 verbose cli   'gulp' ]
2 info using npm@3.10.10
3 info using node@v6.9.5
4 verbose run-script [ 'pregulp', 'gulp', 'postgulp' ]
5 info lifecycle graphql-node-api@1.0.0~pregulp: graphql-node-api@1.0.0
6 silly lifecycle graphql-node-api@1.0.0~pregulp: no script for pregulp, continuing
7 info lifecycle graphql-node-api@1.0.0~gulp: graphql-node-api@1.0.0
8 verbose lifecycle graphql-node-api@1.0.0~gulp: unsafe-perm in lifecycle true
9 verbose lifecycle graphql-node-api@1.0.0~gulp: PATH: C:\Users\991201\AppData\Roaming\nvm\v6.9.5\node_modules\npm\bin\node-gyp-bin;C:\Apache2\htdocs\2018\node\graphql-node-api\node_modules\.bin;C:\Program Files (x86)\Common Files\Oracle\Java\javapath;C:\Python27\;C:\Python27\Scripts;C:\Apache2\php\;C:\ProgramData\Oracle\Java\javapath;C:\Program Files\Common Files\Microsoft Shared\Microsoft Online Services;C:\Program Files (x86)\Common Files\Microsoft Shared\Microsoft Online Services;C:\Windows\system32;C:\Windows;C:\Windows\System32\Wbem;C:\Windows\System32\WindowsPowerShell\v1.0\;C:\Windows\CCM;C:\Program Files (x86)\Microsoft SQL Server\110\Tools\Binn\ManagementStudio\;C:\Program Files (x86)\Microsoft SQL Server\110\Tools\Binn\;C:\Program Files (x86)\Microsoft SQL Server\110\DTS\Binn\;C:\Program Files (x86)\Microsoft Visual Studio 10.0\Common7\IDE\PrivateAssemblies\;C:\Program Files\Microsoft SQL Server\110\Tools\Binn\;C:\Windows\system32\config\systemprofile\.dnx\bin;C:\Program Files\Microsoft DNX\Dnvm\;C:\Program Files\Microsoft SQL Server\130\Tools\Binn\;C:\Program Files\dotnet\;C:\Program Files\Git\cmd;C:\AppData\Roaming\nvm;C:\Program Files\nodejs;C:\Program Files\nodejs\;C:\Program Files\Microsoft VS Code\bin;C:\Users\991201\.dnx\bin;C:\Program Files\MongoDB\Server\3.4\bin\;C:\Apache2\MySQL5.1\bin;C:\Users\991201\AppData\Roaming\npm\node_modules\webpack\bin;C:\Users\991201\AppData\Roaming\npm\node_modules\express-generator\bin\;C:\Users\991201\AppData\Roaming\npm\node_modules\typescript\bin\tsserver;C:\Program Files\Java\jdk1.8.0_51\bin\;C:\Program Files\Java\jre1.8.0_65\bin\;C:\Program Files\Java\jdk1.8.0_51\jre\bin\;C:\Program Files\Java\jdk1.8.0_51\bin;C:\Users\991201\AppData\Roaming\npm\node_modules\gulp\bin\gulp.js;C:\Users\991201\AppData\Roaming\npm\node_modules\yo\lib\cli.js;C:\Program Files (x86)\Microsoft VS Code\;C:\Users\991201\AppData\Roaming\npm\node_modules\json-server\bin\index.js;C:\Users\991201\AppData\Local\.meteor\;C:\Program Files\Microsoft VS Code;C:\Program Files\Git;C:\AppData\Roaming\nvm;C:\Program Files\nodejs;C:\Users\991201\AppData\Roaming\npm;C:\Program Files\Microsoft VS Code\bin
10 verbose lifecycle graphql-node-api@1.0.0~gulp: CWD: C:\Apache2\htdocs\2018\node\graphql-node-api
11 silly lifecycle graphql-node-api@1.0.0~gulp: Args: [ '/d /s /c', 'gulp' ]
12 silly lifecycle graphql-node-api@1.0.0~gulp: Returned: code: 1  signal: null
13 info lifecycle graphql-node-api@1.0.0~gulp: Failed to exec gulp script
14 verbose stack Error: graphql-node-api@1.0.0 gulp: `gulp`
14 verbose stack Exit status 1
14 verbose stack     at EventEmitter.<anonymous> (C:\Users\991201\AppData\Roaming\nvm\v6.9.5\node_modules\npm\lib\utils\lifecycle.js:255:16)
14 verbose stack     at emitTwo (events.js:106:13)
14 verbose stack     at EventEmitter.emit (events.js:191:7)
14 verbose stack     at ChildProcess.<anonymous> (C:\Users\991201\AppData\Roaming\nvm\v6.9.5\node_modules\npm\lib\utils\spawn.js:40:14)
14 verbose stack     at emitTwo (events.js:106:13)
14 verbose stack     at ChildProcess.emit (events.js:191:7)
14 verbose stack     at maybeClose (internal/child_process.js:877:16)
14 verbose stack     at Process.ChildProcess._handle.onexit (internal/child_process.js:226:5)
15 verbose pkgid graphql-node-api@1.0.0
16 verbose cwd C:\Apache2\htdocs\2018\node\graphql-node-api
17 error Windows_NT 6.1.7601
18 error argv "C:\\Program Files\\nodejs\\node.exe" "C:\\Program Files\\nodejs\\node_modules\\npm\\bin\\npm-cli.js" "run" "gulp"
19 error node v6.9.5
20 error npm  v3.10.10
21 error code ELIFECYCLE
22 error graphql-node-api@1.0.0 gulp: `gulp`
22 error Exit status 1
23 error Failed at the graphql-node-api@1.0.0 gulp script 'gulp'.
23 error Make sure you have the latest version of node.js and npm installed.
23 error If you do, this is most likely a problem with the graphql-node-api package,
23 error not with npm itself.
23 error Tell the author that this fails on your system:
23 error     gulp
23 error You can get information on how to open an issue for this project with:
23 error     npm bugs graphql-node-api
23 error Or if that isn't available, you can get their info via:
23 error     npm owner ls graphql-node-api
23 error There is likely additional logging output above.
24 verbose exit [ 1, true ]
